\BOOKMARK [1][-]{section.1}{\376\377\000I\000n\000t\000r\000o\000d\000u\000c\000t\000i\000o\000n}{}% 1
\BOOKMARK [1][-]{section.2}{\376\377\000R\000e\000l\000a\000t\000e\000d\000\040\000W\000o\000r\000k}{}% 2
\BOOKMARK [2][-]{subsection.2.1}{\376\377\000P\000o\000s\000i\000t\000i\000o\000n\000i\000n\000g\000\040\000w\000i\000t\000h\000i\000n\000\040\000t\000h\000e\000\040\000S\000u\000r\000v\000e\000y\000\040\000T\000a\000x\000o\000n\000o\000m\000y}{section.2}% 3
\BOOKMARK [2][-]{subsection.2.2}{\376\377\000A\000\040\000S\000e\000c\000o\000n\000d\000\040\000A\000x\000i\000s\000:\000\040\000A\000c\000c\000e\000s\000s\000\040\000R\000e\000q\000u\000i\000r\000e\000m\000e\000n\000t\000s}{section.2}% 4
\BOOKMARK [1][-]{section.3}{\376\377\000M\000e\000t\000h\000o\000d\000o\000l\000o\000g\000y}{}% 5
\BOOKMARK [2][-]{subsection.3.1}{\376\377\000F\000e\000a\000t\000u\000r\000e\000\040\000S\000h\000a\000p\000i\000n\000g}{section.3}% 6
\BOOKMARK [3][-]{subsubsection.3.1.1}{\376\377\000R\000e\000A\000c\000t\000\040\000a\000n\000d\000\040\000V\000R\000A}{subsection.3.1}% 7
\BOOKMARK [3][-]{subsubsection.3.1.2}{\376\377\000A\000S\000H}{subsection.3.1}% 8
\BOOKMARK [3][-]{subsubsection.3.1.3}{\376\377\000O\000p\000t\000i\000m\000a\000l\000-\000F\000S}{subsection.3.1}% 9
\BOOKMARK [2][-]{subsection.3.2}{\376\377\000B\000e\000t\000w\000e\000e\000n\000-\000L\000a\000y\000e\000r\000\040\000S\000m\000o\000o\000t\000h\000n\000e\000s\000s}{section.3}% 10
\BOOKMARK [1][-]{section.4}{\376\377\000E\000x\000p\000e\000r\000i\000m\000e\000n\000t\000s}{}% 11
\BOOKMARK [2][-]{subsection.4.1}{\376\377\000F\000e\000a\000t\000u\000r\000e\000\040\000S\000h\000a\000p\000i\000n\000g\000:\000\040\000T\000h\000e\000\040\000C\000N\000N\000\040\000I\000s\000l\000a\000n\000d}{section.4}% 12
\BOOKMARK [2][-]{subsection.4.2}{\376\377\000B\000e\000t\000w\000e\000e\000n\000-\000L\000a\000y\000e\000r\000\040\000S\000m\000o\000o\000t\000h\000n\000e\000s\000s\000:\000\040\000T\000h\000e\000\040\000T\000r\000a\000n\000s\000f\000o\000r\000m\000e\000r\000\040\000I\000s\000l\000a\000n\000d}{section.4}% 13
\BOOKMARK [2][-]{subsection.4.3}{\376\377\000A\000\040\000S\000h\000a\000r\000e\000d\000\040\000C\000e\000i\000l\000i\000n\000g}{section.4}% 14
\BOOKMARK [1][-]{section.5}{\376\377\000D\000i\000s\000c\000u\000s\000s\000i\000o\000n}{}% 15
\BOOKMARK [2][-]{subsection.5.1}{\376\377\000I\000m\000p\000a\000c\000t\000\040\000o\000f\000\040\000M\000o\000d\000e\000l\000\040\000A\000r\000c\000h\000i\000t\000e\000c\000t\000u\000r\000e\000s}{section.5}% 16
\BOOKMARK [2][-]{subsection.5.2}{\376\377\000H\000o\000w\000\040\000F\000a\000r\000\040\000t\000h\000e\000\040\000S\000h\000a\000p\000i\000n\000g\000\040\000C\000l\000u\000s\000t\000e\000r\000\040\000U\000n\000i\000f\000i\000e\000s}{section.5}% 17
\BOOKMARK [2][-]{subsection.5.3}{\376\377\000W\000h\000e\000r\000e\000\040\000t\000h\000e\000\040\000S\000i\000g\000n\000a\000l\000\040\000L\000i\000v\000e\000s}{section.5}% 18
\BOOKMARK [1][-]{section.6}{\376\377\000C\000o\000n\000c\000l\000u\000s\000i\000o\000n}{}% 19
\BOOKMARK [1][-]{appendix.A}{\376\377\000D\000e\000r\000i\000v\000a\000t\000i\000o\000n\000s}{}% 20
\BOOKMARK [1][-]{appendix.B}{\376\377\000N\000o\000t\000a\000t\000i\000o\000n}{}% 21
